<?xml version="1.0" encoding="UTF-8"?>
<!-- Generated by org.testng.reporters.JUnitReportReporter -->
<testsuite hostname="Vaibhav" failures="0" tests="1" name="DD.RE.reade" time="3.347" errors="0" timestamp="2024-02-28T16:51:01 IST" skipped="0">
  <testcase classname="DD.RE.reade" name="fblogin" time="3.347"/>
</testsuite> <!-- DD.RE.reade -->
