<?xml version="1.0" encoding="UTF-8"?>
<!-- Generated by org.testng.reporters.JUnitReportReporter -->
<testsuite hostname="Vaibhav" failures="0" tests="1" name="DD.RE.writex" time="2.990" errors="0" timestamp="2024-02-28T16:51:12 IST" skipped="0">
  <testcase classname="DD.RE.writex" name="fblogin" time="2.990"/>
</testsuite> <!-- DD.RE.writex -->
